Start testing: Jul 17 15:02 W. Europe Daylight Time
----------------------------------------------------------
1/4 Testing: std_func_test
1/4 Test: std_func_test
Command: "C:/Users/ruben/Github/CppMachineLearning/build/tests/std_func_test.exe"
Directory: C:/Users/ruben/Github/CppMachineLearning/build/tests
"std_func_test" start time: Jul 17 15:02 W. Europe Daylight Time
Output:
----------------------------------------------------------
<end of output>
Test time =   0.01 sec
----------------------------------------------------------
Test Passed.
"std_func_test" end time: Jul 17 15:02 W. Europe Daylight Time
"std_func_test" time elapsed: 00:00:00
----------------------------------------------------------

2/4 Testing: tensor_test
2/4 Test: tensor_test
Command: "C:/Users/ruben/Github/CppMachineLearning/build/tests/tensor_test.exe"
Directory: C:/Users/ruben/Github/CppMachineLearning/build/tests
"tensor_test" start time: Jul 17 15:02 W. Europe Daylight Time
Output:
----------------------------------------------------------
<end of output>
Test time =   0.01 sec
----------------------------------------------------------
Test Passed.
"tensor_test" end time: Jul 17 15:02 W. Europe Daylight Time
"tensor_test" time elapsed: 00:00:00
----------------------------------------------------------

3/4 Testing: layer_test
3/4 Test: layer_test
Command: "C:/Users/ruben/Github/CppMachineLearning/build/tests/layer_test.exe"
Directory: C:/Users/ruben/Github/CppMachineLearning/build/tests
"layer_test" start time: Jul 17 15:02 W. Europe Daylight Time
Output:
----------------------------------------------------------
<end of output>
Test time =   0.06 sec
----------------------------------------------------------
Test Passed.
"layer_test" end time: Jul 17 15:02 W. Europe Daylight Time
"layer_test" time elapsed: 00:00:00
----------------------------------------------------------

4/4 Testing: random_test
4/4 Test: random_test
Command: "C:/Users/ruben/Github/CppMachineLearning/build/tests/random_test.exe"
Directory: C:/Users/ruben/Github/CppMachineLearning/build/tests
"random_test" start time: Jul 17 15:02 W. Europe Daylight Time
Output:
----------------------------------------------------------
<end of output>
Test time =   0.01 sec
----------------------------------------------------------
Test Passed.
"random_test" end time: Jul 17 15:02 W. Europe Daylight Time
"random_test" time elapsed: 00:00:00
----------------------------------------------------------

End testing: Jul 17 15:02 W. Europe Daylight Time
